<?xml version="1.0" encoding="UTF-8"?>
<!-- Generated by org.testng.reporters.JUnitXMLReporter -->
<testsuite hostname="DESKTOP-B6NQH76" name="Run on Internet Explorer" tests="4" failures="0" timestamp="3 Nov 2020 01:40:00 GMT" time="90.894" errors="0">
  <testcase name="TC_01_CreateNewCustomerSuccess" time="17.315" classname="com.bankGuru.customer.Customer_02_CreateNewCustomer_DynamicElement"/>
  <testcase name="TC_02_Verify_CreateNewCustomerSuccess" time="13.735" classname="com.bankGuru.customer.Customer_02_CreateNewCustomer_DynamicElement"/>
  <testcase name="TC_03_EditCustomerSuccess" time="18.43" classname="com.bankGuru.customer.Customer_02_CreateNewCustomer_DynamicElement"/>
  <testcase name="TC_04_Verify_EditCustomerSuccess" time="7.363" classname="com.bankGuru.customer.Customer_02_CreateNewCustomer_DynamicElement"/>
</testsuite> <!-- Run on Internet Explorer -->
