<?xml version="1.0" encoding="UTF-8"?>
<!-- Generated by org.testng.reporters.JUnitXMLReporter -->
<testsuite hostname="DESKTOP-B6NQH76" name="Run on Chrome" tests="9" failures="0" timestamp="3 Nov 2020 01:41:01 GMT" time="32.558" errors="0">
  <testcase name="TC_01_Validate_Name" time="0.009" classname="com.bankGuru.user.User_01_ValidateUser"/>
  <testcase name="TC_02_Validate_Address" time="0.003" classname="com.bankGuru.user.User_01_ValidateUser"/>
  <testcase name="TC_03_Validate_Phone" time="0.001" classname="com.bankGuru.user.User_01_ValidateUser"/>
  <testcase name="TC_01_Edit_Name" time="0.004" classname="com.bankGuru.user.User_03_EditUser"/>
  <testcase name="TC_02_Edit_Address" time="0.002" classname="com.bankGuru.user.User_03_EditUser"/>
  <testcase name="TC_03_Edit_Phone" time="0.001" classname="com.bankGuru.user.User_03_EditUser"/>
  <testcase name="TC_01_Search_Name" time="0.001" classname="com.bankGuru.user.User_02_SearchUser"/>
  <testcase name="TC_02_Search_Address" time="0.001" classname="com.bankGuru.user.User_02_SearchUser"/>
  <testcase name="TC_03_Search_Phone" time="0.0" classname="com.bankGuru.user.User_02_SearchUser"/>
</testsuite> <!-- Run on Chrome -->
