<?xml version="1.0" encoding="UTF-8"?>
<!-- Generated by org.testng.reporters.JUnitXMLReporter -->
<testsuite hostname="DESKTOP-B6NQH76" name="Run on Firefox" tests="2" failures="2" timestamp="3 Nov 2020 05:28:09 GMT" time="12.766" errors="0">
  <testcase name="TC_01_LoginSuccessAndGoToDashboardFC" time="5.509" classname="com.wordpress.media.Media_01_uploadFile">
    <failure type="java.lang.AssertionError" message="expected [Stats and Insights] but found [Let&amp;apos;s get your site a domain!]">
      <![CDATA[java.lang.AssertionError: expected [Stats and Insights] but found [Let's get your site a domain!]
	at com.wordpress.media.Media_01_uploadFile.TC_01_LoginSuccessAndGoToDashboardFC(Media_01_uploadFile.java:68)
	at java.util.concurrent.FutureTask.run(Unknown Source)
	at java.util.concurrent.ThreadPoolExecutor.runWorker(Unknown Source)
	at java.util.concurrent.ThreadPoolExecutor$Worker.run(Unknown Source)
	at java.lang.Thread.run(Unknown Source)
... Removed 22 stack frames]]>
    </failure>
  </testcase> <!-- TC_01_LoginSuccessAndGoToDashboardFC -->
  <testcase name="TC_02_uploadMultipleFile" time="0.001" classname="com.wordpress.media.Media_01_uploadFile">
    <failure type="java.lang.NullPointerException">
      <![CDATA[java.lang.NullPointerException
	at com.wordpress.media.Media_01_uploadFile.TC_02_uploadMultipleFile(Media_01_uploadFile.java:76)
	at java.util.concurrent.FutureTask.run(Unknown Source)
	at java.util.concurrent.ThreadPoolExecutor.runWorker(Unknown Source)
	at java.util.concurrent.ThreadPoolExecutor$Worker.run(Unknown Source)
	at java.lang.Thread.run(Unknown Source)
... Removed 16 stack frames]]>
    </failure>
  </testcase> <!-- TC_02_uploadMultipleFile -->
</testsuite> <!-- Run on Firefox -->
